<html>
<head>
<title>TestNG:  Default test</title>
<link href="../testng.css" rel="stylesheet" type="text/css" />
<link href="../my-testng.css" rel="stylesheet" type="text/css" />

<style type="text/css">
.log { display: none;} 
.stack-trace { display: none;} 
</style>
<script type="text/javascript">
<!--
function flip(e) {
  current = e.style.display;
  if (current == 'block') {
    e.style.display = 'none';
    return 0;
  }
  else {
    e.style.display = 'block';
    return 1;
  }
}

function toggleBox(szDivId, elem, msg1, msg2)
{
  var res = -1;  if (document.getElementById) {
    res = flip(document.getElementById(szDivId));
  }
  else if (document.all) {
    // this is the way old msie versions work
    res = flip(document.all[szDivId]);
  }
  if(elem) {
    if(res == 0) elem.innerHTML = msg1; else elem.innerHTML = msg2;
  }

}

function toggleAllBoxes() {
  if (document.getElementsByTagName) {
    d = document.getElementsByTagName('div');
    for (i = 0; i < d.length; i++) {
      if (d[i].className == 'log') {
        flip(d[i]);
      }
    }
  }
}

// -->
</script>

</head>
<body>
<h2 align='center'>Default test</h2><table border='1' align="center">
<tr>
<td>Tests passed/Failed/Skipped:</td><td>24/2/0</td>
</tr><tr>
<td>Started on:</td><td>Thu Feb 22 19:44:42 IST 2024</td>
</tr>
<tr><td>Total time:</td><td>1181 seconds (1181268 ms)</td>
</tr><tr>
<td>Included groups:</td><td></td>
</tr><tr>
<td>Excluded groups:</td><td></td>
</tr>
</table><p/>
<small><i>(Hover the method name to see the test class name)</i></small><p/>
<table width='100%' border='1' class='invocation-failed'>
<tr><td colspan='4' align='center'><b>FAILED TESTS</b></td></tr>
<tr><td><b>Test method</b></td>
<td><b>Attribute(s)</b></td>
<td width="30%"><b>Exception</b></td>
<td width="10%"><b>Time (seconds)</b></td>
<td><b>Instance</b></td>
</tr>
<tr>
<td title='tests.AutomationTestCase.Place_Order_login_before_Checkout()'><b>Place_Order_login_before_Checkout</b><br>Test class: tests.AutomationTestCase</td>
<td><div><pre>java.lang.AssertionError: null
	at org.testng.Assert.fail(Assert.java:111)
	at org.testng.Assert.fail(Assert.java:116)
	at pageElements.PlaceOrderPage.login_beforecheckout(PlaceOrderPage.java:326)
	at tests.AutomationTestCase.Place_Order_login_before_Checkout(AutomationTestCase.java:180)
	at java.base/jdk.internal.reflect.NativeMethodAccessorImpl.invoke0(Native Method)
	at java.base/jdk.internal.reflect.NativeMethodAccessorImpl.invoke(NativeMethodAccessorImpl.java:77)
	at java.base/jdk.internal.reflect.DelegatingMethodAccessorImpl.invoke(DelegatingMethodAccessorImpl.java:43)
	at java.base/java.lang.reflect.Method.invoke(Method.java:568)
	at org.testng.internal.invokers.MethodInvocationHelper.invokeMethod(MethodInvocationHelper.java:139)
	at org.testng.internal.invokers.TestInvoker.invokeMethod(TestInvoker.java:664)
	at org.testng.internal.invokers.TestInvoker.invokeTestMethod(TestInvoker.java:228)
	at org.testng.internal.invokers.MethodRunner.runInSequence(MethodRunner.java:63)
	at org.testng.internal.invokers.TestInvoker$MethodInvocationAgent.invoke(TestInvoker.java:961)
	at org.testng.internal.invokers.TestInvoker.invokeTestMethods(TestInvoker.java:201)
	at org.testng.internal.invokers.TestMethodWorker.invokeTestMethods(TestMethodWorker.java:148)
	at org.testng.internal.invokers.TestMethodWorker.run(TestMethodWorker.java:128)
	at java.base/java.util.ArrayList.forEach(ArrayList.java:1511)
	at org.testng.TestRunner.privateRun(TestRunner.java:819)
	at org.testng.TestRunner.run(TestRunner.java:619)
	at org.testng.SuiteRunner.runTest(SuiteRunner.java:443)
	at org.testng.SuiteRunner.runSequentially(SuiteRunner.java:437)
	at org.testng.SuiteRunner.privateRun(SuiteRunner.java:397)
	at org.testng.SuiteRunner.run(SuiteRunner.java:336)
	at org.testng.SuiteRunnerWorker.runSuite(SuiteRunnerWorker.java:52)
	at org.testng.SuiteRunnerWorker.run(SuiteRunnerWorker.java:95)
	at org.testng.TestNG.runSuitesSequentially(TestNG.java:1301)
	at org.testng.TestNG.runSuitesLocally(TestNG.java:1228)
	at org.testng.TestNG.runSuites(TestNG.java:1134)
	at org.testng.TestNG.run(TestNG.java:1101)
	at org.testng.remote.AbstractRemoteTestNG.run(AbstractRemoteTestNG.java:115)
	at org.testng.remote.RemoteTestNG.initAndRun(RemoteTestNG.java:251)
	at org.testng.remote.RemoteTestNG.main(RemoteTestNG.java:77)
</pre></div><a href='#' onClick='toggleBox("stack-trace466491867", this, "Click to show all stack frames", "Click to hide stack frames")'>Click to show all stack frames</a>
<div class='stack-trace' id='stack-trace466491867'><pre>java.lang.AssertionError: null
	at org.testng.Assert.fail(Assert.java:111)
	at org.testng.Assert.fail(Assert.java:116)
	at pageElements.PlaceOrderPage.login_beforecheckout(PlaceOrderPage.java:326)
	at tests.AutomationTestCase.Place_Order_login_before_Checkout(AutomationTestCase.java:180)
	at java.base/jdk.internal.reflect.NativeMethodAccessorImpl.invoke0(Native Method)
	at java.base/jdk.internal.reflect.NativeMethodAccessorImpl.invoke(NativeMethodAccessorImpl.java:77)
	at java.base/jdk.internal.reflect.DelegatingMethodAccessorImpl.invoke(DelegatingMethodAccessorImpl.java:43)
	at java.base/java.lang.reflect.Method.invoke(Method.java:568)
	at org.testng.internal.invokers.MethodInvocationHelper.invokeMethod(MethodInvocationHelper.java:139)
	at org.testng.internal.invokers.TestInvoker.invokeMethod(TestInvoker.java:664)
	at org.testng.internal.invokers.TestInvoker.invokeTestMethod(TestInvoker.java:228)
	at org.testng.internal.invokers.MethodRunner.runInSequence(MethodRunner.java:63)
	at org.testng.internal.invokers.TestInvoker$MethodInvocationAgent.invoke(TestInvoker.java:961)
	at org.testng.internal.invokers.TestInvoker.invokeTestMethods(TestInvoker.java:201)
	at org.testng.internal.invokers.TestMethodWorker.invokeTestMethods(TestMethodWorker.java:148)
	at org.testng.internal.invokers.TestMethodWorker.run(TestMethodWorker.java:128)
	at java.base/java.util.ArrayList.forEach(ArrayList.java:1511)
	at org.testng.TestRunner.privateRun(TestRunner.java:819)
	at org.testng.TestRunner.run(TestRunner.java:619)
	at org.testng.SuiteRunner.runTest(SuiteRunner.java:443)
	at org.testng.SuiteRunner.runSequentially(SuiteRunner.java:437)
	at org.testng.SuiteRunner.privateRun(SuiteRunner.java:397)
	at org.testng.SuiteRunner.run(SuiteRunner.java:336)
	at org.testng.SuiteRunnerWorker.runSuite(SuiteRunnerWorker.java:52)
	at org.testng.SuiteRunnerWorker.run(SuiteRunnerWorker.java:95)
	at org.testng.TestNG.runSuitesSequentially(TestNG.java:1301)
	at org.testng.TestNG.runSuitesLocally(TestNG.java:1228)
	at org.testng.TestNG.runSuites(TestNG.java:1134)
	at org.testng.TestNG.run(TestNG.java:1101)
	at org.testng.remote.AbstractRemoteTestNG.run(AbstractRemoteTestNG.java:115)
	at org.testng.remote.RemoteTestNG.initAndRun(RemoteTestNG.java:251)
	at org.testng.remote.RemoteTestNG.main(RemoteTestNG.java:77)
</pre></div></td>
<td>201</td>
<td>tests.AutomationTestCase@304bb45b</td></tr>
<tr>
<td title='tests.AutomationTestCase.Place_Order_Register_before_Checkout()'><b>Place_Order_Register_before_Checkout</b><br>Test class: tests.AutomationTestCase</td>
<td><div><pre>java.lang.AssertionError: null
	at org.testng.Assert.fail(Assert.java:111)
	at org.testng.Assert.fail(Assert.java:116)
	at pageElements.PlaceOrderPage.register_beforecheckout(PlaceOrderPage.java:254)
	at tests.AutomationTestCase.Place_Order_Register_before_Checkout(AutomationTestCase.java:173)
	at java.base/jdk.internal.reflect.NativeMethodAccessorImpl.invoke0(Native Method)
	at java.base/jdk.internal.reflect.NativeMethodAccessorImpl.invoke(NativeMethodAccessorImpl.java:77)
	at java.base/jdk.internal.reflect.DelegatingMethodAccessorImpl.invoke(DelegatingMethodAccessorImpl.java:43)
	at java.base/java.lang.reflect.Method.invoke(Method.java:568)
	at org.testng.internal.invokers.MethodInvocationHelper.invokeMethod(MethodInvocationHelper.java:139)
	at org.testng.internal.invokers.TestInvoker.invokeMethod(TestInvoker.java:664)
	at org.testng.internal.invokers.TestInvoker.invokeTestMethod(TestInvoker.java:228)
	at org.testng.internal.invokers.MethodRunner.runInSequence(MethodRunner.java:63)
	at org.testng.internal.invokers.TestInvoker$MethodInvocationAgent.invoke(TestInvoker.java:961)
	at org.testng.internal.invokers.TestInvoker.invokeTestMethods(TestInvoker.java:201)
	at org.testng.internal.invokers.TestMethodWorker.invokeTestMethods(TestMethodWorker.java:148)
	at org.testng.internal.invokers.TestMethodWorker.run(TestMethodWorker.java:128)
	at java.base/java.util.ArrayList.forEach(ArrayList.java:1511)
	at org.testng.TestRunner.privateRun(TestRunner.java:819)
	at org.testng.TestRunner.run(TestRunner.java:619)
	at org.testng.SuiteRunner.runTest(SuiteRunner.java:443)
	at org.testng.SuiteRunner.runSequentially(SuiteRunner.java:437)
	at org.testng.SuiteRunner.privateRun(SuiteRunner.java:397)
	at org.testng.SuiteRunner.run(SuiteRunner.java:336)
	at org.testng.SuiteRunnerWorker.runSuite(SuiteRunnerWorker.java:52)
	at org.testng.SuiteRunnerWorker.run(SuiteRunnerWorker.java:95)
	at org.testng.TestNG.runSuitesSequentially(TestNG.java:1301)
	at org.testng.TestNG.runSuitesLocally(TestNG.java:1228)
	at org.testng.TestNG.runSuites(TestNG.java:1134)
	at org.testng.TestNG.run(TestNG.java:1101)
	at org.testng.remote.AbstractRemoteTestNG.run(AbstractRemoteTestNG.java:115)
	at org.testng.remote.RemoteTestNG.initAndRun(RemoteTestNG.java:251)
	at org.testng.remote.RemoteTestNG.main(RemoteTestNG.java:77)
</pre></div><a href='#' onClick='toggleBox("stack-trace739971314", this, "Click to show all stack frames", "Click to hide stack frames")'>Click to show all stack frames</a>
<div class='stack-trace' id='stack-trace739971314'><pre>java.lang.AssertionError: null
	at org.testng.Assert.fail(Assert.java:111)
	at org.testng.Assert.fail(Assert.java:116)
	at pageElements.PlaceOrderPage.register_beforecheckout(PlaceOrderPage.java:254)
	at tests.AutomationTestCase.Place_Order_Register_before_Checkout(AutomationTestCase.java:173)
	at java.base/jdk.internal.reflect.NativeMethodAccessorImpl.invoke0(Native Method)
	at java.base/jdk.internal.reflect.NativeMethodAccessorImpl.invoke(NativeMethodAccessorImpl.java:77)
	at java.base/jdk.internal.reflect.DelegatingMethodAccessorImpl.invoke(DelegatingMethodAccessorImpl.java:43)
	at java.base/java.lang.reflect.Method.invoke(Method.java:568)
	at org.testng.internal.invokers.MethodInvocationHelper.invokeMethod(MethodInvocationHelper.java:139)
	at org.testng.internal.invokers.TestInvoker.invokeMethod(TestInvoker.java:664)
	at org.testng.internal.invokers.TestInvoker.invokeTestMethod(TestInvoker.java:228)
	at org.testng.internal.invokers.MethodRunner.runInSequence(MethodRunner.java:63)
	at org.testng.internal.invokers.TestInvoker$MethodInvocationAgent.invoke(TestInvoker.java:961)
	at org.testng.internal.invokers.TestInvoker.invokeTestMethods(TestInvoker.java:201)
	at org.testng.internal.invokers.TestMethodWorker.invokeTestMethods(TestMethodWorker.java:148)
	at org.testng.internal.invokers.TestMethodWorker.run(TestMethodWorker.java:128)
	at java.base/java.util.ArrayList.forEach(ArrayList.java:1511)
	at org.testng.TestRunner.privateRun(TestRunner.java:819)
	at org.testng.TestRunner.run(TestRunner.java:619)
	at org.testng.SuiteRunner.runTest(SuiteRunner.java:443)
	at org.testng.SuiteRunner.runSequentially(SuiteRunner.java:437)
	at org.testng.SuiteRunner.privateRun(SuiteRunner.java:397)
	at org.testng.SuiteRunner.run(SuiteRunner.java:336)
	at org.testng.SuiteRunnerWorker.runSuite(SuiteRunnerWorker.java:52)
	at org.testng.SuiteRunnerWorker.run(SuiteRunnerWorker.java:95)
	at org.testng.TestNG.runSuitesSequentially(TestNG.java:1301)
	at org.testng.TestNG.runSuitesLocally(TestNG.java:1228)
	at org.testng.TestNG.runSuites(TestNG.java:1134)
	at org.testng.TestNG.run(TestNG.java:1101)
	at org.testng.remote.AbstractRemoteTestNG.run(AbstractRemoteTestNG.java:115)
	at org.testng.remote.RemoteTestNG.initAndRun(RemoteTestNG.java:251)
	at org.testng.remote.RemoteTestNG.main(RemoteTestNG.java:77)
</pre></div></td>
<td>76</td>
<td>tests.AutomationTestCase@304bb45b</td></tr>
</table><p>
<table width='100%' border='1' class='invocation-passed'>
<tr><td colspan='4' align='center'><b>PASSED TESTS</b></td></tr>
<tr><td><b>Test method</b></td>
<td><b>Attribute(s)</b></td>
<td width="30%"><b>Exception</b></td>
<td width="10%"><b>Time (seconds)</b></td>
<td><b>Instance</b></td>
</tr>
<tr>
<td title='tests.AutomationTestCase.verify_subscription_in_homepage()'><b>verify_subscription_in_homepage</b><br>Test class: tests.AutomationTestCase</td>
<td></td>
<td>13</td>
<td>tests.AutomationTestCase@304bb45b</td></tr>
<tr>
<td title='tests.AutomationTestCase.verify_address_details_in_checkoutpage()'><b>verify_address_details_in_checkoutpage</b><br>Test class: tests.AutomationTestCase</td>
<td></td>
<td>49</td>
<td>tests.AutomationTestCase@304bb45b</td></tr>
<tr>
<td title='tests.AutomationTestCase.verify_product_quantity_in_cart()'><b>verify_product_quantity_in_cart</b><br>Test class: tests.AutomationTestCase</td>
<td></td>
<td>16</td>
<td>tests.AutomationTestCase@304bb45b</td></tr>
<tr>
<td title='tests.AutomationTestCase.add_review_in_product()'><b>add_review_in_product</b><br>Test class: tests.AutomationTestCase</td>
<td></td>
<td>26</td>
<td>tests.AutomationTestCase@304bb45b</td></tr>
<tr>
<td title='tests.AutomationTestCase.scroll_up_and_down_using_arrowbutton()'><b>scroll_up_and_down_using_arrowbutton</b><br>Test class: tests.AutomationTestCase</td>
<td></td>
<td>10</td>
<td>tests.AutomationTestCase@304bb45b</td></tr>
<tr>
<td title='tests.AutomationTestCase.resgistrationpage_testcase()'><b>resgistrationpage_testcase</b><br>Test class: tests.AutomationTestCase</td>
<td></td>
<td>32</td>
<td>tests.AutomationTestCase@304bb45b</td></tr>
<tr>
<td title='tests.AutomationTestCase.loginuser_with_correct_crendials()'><b>loginuser_with_correct_crendials</b><br>Test class: tests.AutomationTestCase</td>
<td></td>
<td>46</td>
<td>tests.AutomationTestCase@304bb45b</td></tr>
<tr>
<td title='tests.AutomationTestCase.loginuser_with_incorrect_crendials()'><b>loginuser_with_incorrect_crendials</b><br>Test class: tests.AutomationTestCase</td>
<td></td>
<td>1</td>
<td>tests.AutomationTestCase@304bb45b</td></tr>
<tr>
<td title='tests.AutomationTestCase.search_product()'><b>search_product</b><br>Test class: tests.AutomationTestCase</td>
<td></td>
<td>29</td>
<td>tests.AutomationTestCase@304bb45b</td></tr>
<tr>
<td title='tests.AutomationTestCase.verify_subscription_in_cartpage()'><b>verify_subscription_in_cartpage</b><br>Test class: tests.AutomationTestCase</td>
<td></td>
<td>16</td>
<td>tests.AutomationTestCase@304bb45b</td></tr>
<tr>
<td title='tests.AutomationTestCase.add_products_incart()'><b>add_products_incart</b><br>Test class: tests.AutomationTestCase</td>
<td></td>
<td>27</td>
<td>tests.AutomationTestCase@304bb45b</td></tr>
<tr>
<td title='tests.AutomationTestCase.view_and_cart_brand_products()'><b>view_and_cart_brand_products</b><br>Test class: tests.AutomationTestCase</td>
<td></td>
<td>39</td>
<td>tests.AutomationTestCase@304bb45b</td></tr>
<tr>
<td title='tests.AutomationTestCase.prod_search_verify_cart_afterlogin()'><b>prod_search_verify_cart_afterlogin</b><br>Test class: tests.AutomationTestCase</td>
<td></td>
<td>187</td>
<td>tests.AutomationTestCase@304bb45b</td></tr>
<tr>
<td title='tests.AutomationTestCase.verify_allproducts_productdetailspage()'><b>verify_allproducts_productdetailspage</b><br>Test class: tests.AutomationTestCase</td>
<td></td>
<td>31</td>
<td>tests.AutomationTestCase@304bb45b</td></tr>
<tr>
<td title='tests.AutomationTestCase.remove_product_from_cart()'><b>remove_product_from_cart</b><br>Test class: tests.AutomationTestCase</td>
<td></td>
<td>19</td>
<td>tests.AutomationTestCase@304bb45b</td></tr>
<tr>
<td title='tests.AutomationTestCase.scroll_up_and_down_withour_using_arrowbutton()'><b>scroll_up_and_down_withour_using_arrowbutton</b><br>Test class: tests.AutomationTestCase</td>
<td></td>
<td>15</td>
<td>tests.AutomationTestCase@304bb45b</td></tr>
<tr>
<td title='tests.AutomationTestCase.logout_user()'><b>logout_user</b><br>Test class: tests.AutomationTestCase</td>
<td></td>
<td>36</td>
<td>tests.AutomationTestCase@304bb45b</td></tr>
<tr>
<td title='tests.AutomationTestCase.Place_Order_Register_while_Checkout()'><b>Place_Order_Register_while_Checkout</b><br>Test class: tests.AutomationTestCase</td>
<td></td>
<td>53</td>
<td>tests.AutomationTestCase@304bb45b</td></tr>
<tr>
<td title='tests.AutomationTestCase.verify_testcases_page()'><b>verify_testcases_page</b><br>Test class: tests.AutomationTestCase</td>
<td></td>
<td>11</td>
<td>tests.AutomationTestCase@304bb45b</td></tr>
<tr>
<td title='tests.AutomationTestCase.view_category_products()'><b>view_category_products</b><br>Test class: tests.AutomationTestCase</td>
<td></td>
<td>23</td>
<td>tests.AutomationTestCase@304bb45b</td></tr>
<tr>
<td title='tests.AutomationTestCase.registeruser_with_existingmail()'><b>registeruser_with_existingmail</b><br>Test class: tests.AutomationTestCase</td>
<td></td>
<td>24</td>
<td>tests.AutomationTestCase@304bb45b</td></tr>
<tr>
<td title='tests.AutomationTestCase.contactus_form()'><b>contactus_form</b><br>Test class: tests.AutomationTestCase</td>
<td></td>
<td>29</td>
<td>tests.AutomationTestCase@304bb45b</td></tr>
<tr>
<td title='tests.AutomationTestCase.add_tocart_from_recommandeditems()'><b>add_tocart_from_recommandeditems</b><br>Test class: tests.AutomationTestCase</td>
<td></td>
<td>13</td>
<td>tests.AutomationTestCase@304bb45b</td></tr>
<tr>
<td title='tests.AutomationTestCase.download_invoice_after_purchase_order()'><b>download_invoice_after_purchase_order</b><br>Test class: tests.AutomationTestCase</td>
<td></td>
<td>120</td>
<td>tests.AutomationTestCase@304bb45b</td></tr>
</table><p>
</body>
</html>