<?xml version="1.0" encoding="UTF-8"?>
<!-- Generated by org.testng.reporters.JUnitXMLReporter -->
<testsuite ignored="0" hostname="INL5XK89K3" failures="2" tests="26" name="Default test" time="1181.268" errors="0" timestamp="2024-02-22T20:04:23 IST">
  <testcase classname="tests.AutomationTestCase" name="resgistrationpage_testcase" time="32.995"/>
  <testcase classname="tests.AutomationTestCase" name="loginuser_with_correct_crendials" time="46.738"/>
  <testcase classname="tests.AutomationTestCase" name="loginuser_with_incorrect_crendials" time="1.488"/>
  <testcase classname="tests.AutomationTestCase" name="logout_user" time="36.81"/>
  <testcase classname="tests.AutomationTestCase" name="registeruser_with_existingmail" time="24.497"/>
  <testcase classname="tests.AutomationTestCase" name="contactus_form" time="29.97"/>
  <testcase classname="tests.AutomationTestCase" name="verify_testcases_page" time="11.316"/>
  <testcase classname="tests.AutomationTestCase" name="verify_allproducts_productdetailspage" time="31.54"/>
  <testcase classname="tests.AutomationTestCase" name="search_product" time="29.26"/>
  <testcase classname="tests.AutomationTestCase" name="verify_subscription_in_homepage" time="13.701"/>
  <testcase classname="tests.AutomationTestCase" name="verify_subscription_in_cartpage" time="16.291"/>
  <testcase classname="tests.AutomationTestCase" name="add_products_incart" time="27.027"/>
  <testcase classname="tests.AutomationTestCase" name="verify_product_quantity_in_cart" time="16.91"/>
  <testcase classname="tests.AutomationTestCase" name="Place_Order_Register_while_Checkout" time="53.232"/>
  <testcase classname="tests.AutomationTestCase" name="Place_Order_Register_before_Checkout" time="76.138">
    <failure type="java.lang.AssertionError" message="null">
      <![CDATA[java.lang.AssertionError: null
at org.testng.Assert.fail(Assert.java:111)
at org.testng.Assert.fail(Assert.java:116)
at pageElements.PlaceOrderPage.register_beforecheckout(PlaceOrderPage.java:254)
at tests.AutomationTestCase.Place_Order_Register_before_Checkout(AutomationTestCase.java:173)
at java.base/jdk.internal.reflect.NativeMethodAccessorImpl.invoke0(Native Method)
at java.base/jdk.internal.reflect.NativeMethodAccessorImpl.invoke(NativeMethodAccessorImpl.java:77)
at java.base/jdk.internal.reflect.DelegatingMethodAccessorImpl.invoke(DelegatingMethodAccessorImpl.java:43)
at java.base/java.lang.reflect.Method.invoke(Method.java:568)
at org.testng.internal.invokers.MethodInvocationHelper.invokeMethod(MethodInvocationHelper.java:139)
at org.testng.internal.invokers.TestInvoker.invokeMethod(TestInvoker.java:664)
at org.testng.internal.invokers.TestInvoker.invokeTestMethod(TestInvoker.java:228)
at org.testng.internal.invokers.MethodRunner.runInSequence(MethodRunner.java:63)
at org.testng.internal.invokers.TestInvoker$MethodInvocationAgent.invoke(TestInvoker.java:961)
at org.testng.internal.invokers.TestInvoker.invokeTestMethods(TestInvoker.java:201)
at org.testng.internal.invokers.TestMethodWorker.invokeTestMethods(TestMethodWorker.java:148)
at org.testng.internal.invokers.TestMethodWorker.run(TestMethodWorker.java:128)
at java.base/java.util.ArrayList.forEach(ArrayList.java:1511)
at org.testng.TestRunner.privateRun(TestRunner.java:819)
at org.testng.TestRunner.run(TestRunner.java:619)
at org.testng.SuiteRunner.runTest(SuiteRunner.java:443)
at org.testng.SuiteRunner.runSequentially(SuiteRunner.java:437)
at org.testng.SuiteRunner.privateRun(SuiteRunner.java:397)
at org.testng.SuiteRunner.run(SuiteRunner.java:336)
at org.testng.SuiteRunnerWorker.runSuite(SuiteRunnerWorker.java:52)
at org.testng.SuiteRunnerWorker.run(SuiteRunnerWorker.java:95)
at org.testng.TestNG.runSuitesSequentially(TestNG.java:1301)
at org.testng.TestNG.runSuitesLocally(TestNG.java:1228)
at org.testng.TestNG.runSuites(TestNG.java:1134)
at org.testng.TestNG.run(TestNG.java:1101)
at org.testng.remote.AbstractRemoteTestNG.run(AbstractRemoteTestNG.java:115)
at org.testng.remote.RemoteTestNG.initAndRun(RemoteTestNG.java:251)
at org.testng.remote.RemoteTestNG.main(RemoteTestNG.java:77)
]]>
    </failure>
  </testcase> <!-- Place_Order_Register_before_Checkout -->
  <testcase classname="tests.AutomationTestCase" name="Place_Order_login_before_Checkout" time="201.104">
    <failure type="java.lang.AssertionError" message="null">
      <![CDATA[java.lang.AssertionError: null
at org.testng.Assert.fail(Assert.java:111)
at org.testng.Assert.fail(Assert.java:116)
at pageElements.PlaceOrderPage.login_beforecheckout(PlaceOrderPage.java:326)
at tests.AutomationTestCase.Place_Order_login_before_Checkout(AutomationTestCase.java:180)
at java.base/jdk.internal.reflect.NativeMethodAccessorImpl.invoke0(Native Method)
at java.base/jdk.internal.reflect.NativeMethodAccessorImpl.invoke(NativeMethodAccessorImpl.java:77)
at java.base/jdk.internal.reflect.DelegatingMethodAccessorImpl.invoke(DelegatingMethodAccessorImpl.java:43)
at java.base/java.lang.reflect.Method.invoke(Method.java:568)
at org.testng.internal.invokers.MethodInvocationHelper.invokeMethod(MethodInvocationHelper.java:139)
at org.testng.internal.invokers.TestInvoker.invokeMethod(TestInvoker.java:664)
at org.testng.internal.invokers.TestInvoker.invokeTestMethod(TestInvoker.java:228)
at org.testng.internal.invokers.MethodRunner.runInSequence(MethodRunner.java:63)
at org.testng.internal.invokers.TestInvoker$MethodInvocationAgent.invoke(TestInvoker.java:961)
at org.testng.internal.invokers.TestInvoker.invokeTestMethods(TestInvoker.java:201)
at org.testng.internal.invokers.TestMethodWorker.invokeTestMethods(TestMethodWorker.java:148)
at org.testng.internal.invokers.TestMethodWorker.run(TestMethodWorker.java:128)
at java.base/java.util.ArrayList.forEach(ArrayList.java:1511)
at org.testng.TestRunner.privateRun(TestRunner.java:819)
at org.testng.TestRunner.run(TestRunner.java:619)
at org.testng.SuiteRunner.runTest(SuiteRunner.java:443)
at org.testng.SuiteRunner.runSequentially(SuiteRunner.java:437)
at org.testng.SuiteRunner.privateRun(SuiteRunner.java:397)
at org.testng.SuiteRunner.run(SuiteRunner.java:336)
at org.testng.SuiteRunnerWorker.runSuite(SuiteRunnerWorker.java:52)
at org.testng.SuiteRunnerWorker.run(SuiteRunnerWorker.java:95)
at org.testng.TestNG.runSuitesSequentially(TestNG.java:1301)
at org.testng.TestNG.runSuitesLocally(TestNG.java:1228)
at org.testng.TestNG.runSuites(TestNG.java:1134)
at org.testng.TestNG.run(TestNG.java:1101)
at org.testng.remote.AbstractRemoteTestNG.run(AbstractRemoteTestNG.java:115)
at org.testng.remote.RemoteTestNG.initAndRun(RemoteTestNG.java:251)
at org.testng.remote.RemoteTestNG.main(RemoteTestNG.java:77)
]]>
    </failure>
  </testcase> <!-- Place_Order_login_before_Checkout -->
  <testcase classname="tests.AutomationTestCase" name="remove_product_from_cart" time="19.634"/>
  <testcase classname="tests.AutomationTestCase" name="view_category_products" time="23.455"/>
  <testcase classname="tests.AutomationTestCase" name="view_and_cart_brand_products" time="39.964"/>
  <testcase classname="tests.AutomationTestCase" name="prod_search_verify_cart_afterlogin" time="187.735"/>
  <testcase classname="tests.AutomationTestCase" name="add_review_in_product" time="26.512"/>
  <testcase classname="tests.AutomationTestCase" name="add_tocart_from_recommandeditems" time="13.269"/>
  <testcase classname="tests.AutomationTestCase" name="verify_address_details_in_checkoutpage" time="49.764"/>
  <testcase classname="tests.AutomationTestCase" name="download_invoice_after_purchase_order" time="120.533"/>
  <testcase classname="tests.AutomationTestCase" name="scroll_up_and_down_using_arrowbutton" time="10.25"/>
  <testcase classname="tests.AutomationTestCase" name="scroll_up_and_down_withour_using_arrowbutton" time="15.809"/>
</testsuite> <!-- Default test -->
