<!DOCTYPE html PUBLIC "-//W3C//DTD XHTML 1.1//EN" "https://www.w3.org/TR/xhtml11/DTD/xhtml11.dtd">
<html xmlns="https://www.w3.org/1999/xhtml">
<head>
<meta http-equiv="content-type" content="text/html; charset=UTF-8"/>
<title>TestNG Report</title>
<style type="text/css">table {margin-bottom:10px;border-collapse:collapse;empty-cells:show}th,td {border:1px solid #009;padding:.25em .5em}th {vertical-align:bottom}td {vertical-align:top}table a {font-weight:bold}.stripe td {background-color: #E6EBF9}.num {text-align:right}.passedodd td {background-color: #3F3}.passedeven td {background-color: #0A0}.skippedodd td {background-color: #DDD}.skippedeven td {background-color: #CCC}.failedodd td,.attn {background-color: #F33}.failedeven td,.stripe .attn {background-color: #D00}.stacktrace {white-space:pre;font-family:monospace}.totop {font-size:85%;text-align:center;border-bottom:2px solid #000}.invisible {display:none}</style>
</head>
<body>
<table>
<tr><th>Test</th><th># Passed</th><th># Skipped</th><th># Retried</th><th># Failed</th><th>Time (ms)</th><th>Included Groups</th><th>Excluded Groups</th></tr>
<tr><th colspan="8">Default suite</th></tr>
<tr><td><a href="#t0">Default test</a></td><td class="num">24</td><td class="num">0</td><td class="num">0</td><td class="num attn">2</td><td class="num">1,181,268</td><td></td><td></td></tr>
</table>
<table id='summary'><thead><tr><th>Class</th><th>Method</th><th>Start</th><th>Time (ms)</th></tr></thead><tbody><tr><th colspan="4">Default suite</th></tr></tbody><tbody id="t0"><tr><th colspan="4">Default test &#8212; failed</th></tr><tr class="failedeven"><td rowspan="2">tests.AutomationTestCase</td><td><a href="#m0">Place_Order_Register_before_Checkout</a></td><td rowspan="1">1708611679790</td><td rowspan="1">76138</td></tr><tr class="failedeven"><td><a href="#m1">Place_Order_login_before_Checkout</a></td><td rowspan="1">1708611755930</td><td rowspan="1">201104</td></tr><tr><th colspan="4">Default test &#8212; passed</th></tr><tr class="passedeven"><td rowspan="24">tests.AutomationTestCase</td><td><a href="#m2">Place_Order_Register_while_Checkout</a></td><td rowspan="1">1708611626557</td><td rowspan="1">53232</td></tr><tr class="passedeven"><td><a href="#m3">add_products_incart</a></td><td rowspan="1">1708611582617</td><td rowspan="1">27027</td></tr><tr class="passedeven"><td><a href="#m4">add_review_in_product</a></td><td rowspan="1">1708612227829</td><td rowspan="1">26512</td></tr><tr class="passedeven"><td><a href="#m5">add_tocart_from_recommandeditems</a></td><td rowspan="1">1708612254343</td><td rowspan="1">13269</td></tr><tr class="passedeven"><td><a href="#m6">contactus_form</a></td><td rowspan="1">1708611450528</td><td rowspan="1">29970</td></tr><tr class="passedeven"><td><a href="#m7">download_invoice_after_purchase_order</a></td><td rowspan="1">1708612317379</td><td rowspan="1">120533</td></tr><tr class="passedeven"><td><a href="#m8">loginuser_with_correct_crendials</a></td><td rowspan="1">1708611340987</td><td rowspan="1">46738</td></tr><tr class="passedeven"><td><a href="#m9">loginuser_with_incorrect_crendials</a></td><td rowspan="1">1708611387727</td><td rowspan="1">1488</td></tr><tr class="passedeven"><td><a href="#m10">logout_user</a></td><td rowspan="1">1708611389217</td><td rowspan="1">36810</td></tr><tr class="passedeven"><td><a href="#m11">prod_search_verify_cart_afterlogin</a></td><td rowspan="1">1708612040093</td><td rowspan="1">187735</td></tr><tr class="passedeven"><td><a href="#m12">registeruser_with_existingmail</a></td><td rowspan="1">1708611426030</td><td rowspan="1">24497</td></tr><tr class="passedeven"><td><a href="#m13">remove_product_from_cart</a></td><td rowspan="1">1708611957036</td><td rowspan="1">19634</td></tr><tr class="passedeven"><td><a href="#m14">resgistrationpage_testcase</a></td><td rowspan="1">1708611307987</td><td rowspan="1">32995</td></tr><tr class="passedeven"><td><a href="#m15">scroll_up_and_down_using_arrowbutton</a></td><td rowspan="1">1708612437913</td><td rowspan="1">10250</td></tr><tr class="passedeven"><td><a href="#m16">scroll_up_and_down_withour_using_arrowbutton</a></td><td rowspan="1">1708612448164</td><td rowspan="1">15809</td></tr><tr class="passedeven"><td><a href="#m17">search_product</a></td><td rowspan="1">1708611523360</td><td rowspan="1">29260</td></tr><tr class="passedeven"><td><a href="#m18">verify_address_details_in_checkoutpage</a></td><td rowspan="1">1708612267613</td><td rowspan="1">49764</td></tr><tr class="passedeven"><td><a href="#m19">verify_allproducts_productdetailspage</a></td><td rowspan="1">1708611491818</td><td rowspan="1">31540</td></tr><tr class="passedeven"><td><a href="#m20">verify_product_quantity_in_cart</a></td><td rowspan="1">1708611609645</td><td rowspan="1">16910</td></tr><tr class="passedeven"><td><a href="#m21">verify_subscription_in_cartpage</a></td><td rowspan="1">1708611566324</td><td rowspan="1">16291</td></tr><tr class="passedeven"><td><a href="#m22">verify_subscription_in_homepage</a></td><td rowspan="1">1708611552622</td><td rowspan="1">13701</td></tr><tr class="passedeven"><td><a href="#m23">verify_testcases_page</a></td><td rowspan="1">1708611480500</td><td rowspan="1">11316</td></tr><tr class="passedeven"><td><a href="#m24">view_and_cart_brand_products</a></td><td rowspan="1">1708612000128</td><td rowspan="1">39964</td></tr><tr class="passedeven"><td><a href="#m25">view_category_products</a></td><td rowspan="1">1708611976672</td><td rowspan="1">23455</td></tr></tbody>
</table>
<h2>Default test</h2><h3 id="m0">tests.AutomationTestCase#Place_Order_Register_before_Checkout</h3><table class="result"><tr><th>Exception</th></tr><tr><td><div class="stacktrace">java.lang.AssertionError: null
	at org.testng.Assert.fail(Assert.java:111)
	at org.testng.Assert.fail(Assert.java:116)
	at pageElements.PlaceOrderPage.register_beforecheckout(PlaceOrderPage.java:254)
	at tests.AutomationTestCase.Place_Order_Register_before_Checkout(AutomationTestCase.java:173)
	at java.base/jdk.internal.reflect.NativeMethodAccessorImpl.invoke0(Native Method)
	at java.base/jdk.internal.reflect.NativeMethodAccessorImpl.invoke(NativeMethodAccessorImpl.java:77)
	at java.base/jdk.internal.reflect.DelegatingMethodAccessorImpl.invoke(DelegatingMethodAccessorImpl.java:43)
	at java.base/java.lang.reflect.Method.invoke(Method.java:568)
	at org.testng.internal.invokers.MethodInvocationHelper.invokeMethod(MethodInvocationHelper.java:139)
	at org.testng.internal.invokers.TestInvoker.invokeMethod(TestInvoker.java:664)
	at org.testng.internal.invokers.TestInvoker.invokeTestMethod(TestInvoker.java:228)
	at org.testng.internal.invokers.MethodRunner.runInSequence(MethodRunner.java:63)
	at org.testng.internal.invokers.TestInvoker$MethodInvocationAgent.invoke(TestInvoker.java:961)
	at org.testng.internal.invokers.TestInvoker.invokeTestMethods(TestInvoker.java:201)
	at org.testng.internal.invokers.TestMethodWorker.invokeTestMethods(TestMethodWorker.java:148)
	at org.testng.internal.invokers.TestMethodWorker.run(TestMethodWorker.java:128)
	at java.base/java.util.ArrayList.forEach(ArrayList.java:1511)
	at org.testng.TestRunner.privateRun(TestRunner.java:819)
	at org.testng.TestRunner.run(TestRunner.java:619)
	at org.testng.SuiteRunner.runTest(SuiteRunner.java:443)
	at org.testng.SuiteRunner.runSequentially(SuiteRunner.java:437)
	at org.testng.SuiteRunner.privateRun(SuiteRunner.java:397)
	at org.testng.SuiteRunner.run(SuiteRunner.java:336)
	at org.testng.SuiteRunnerWorker.runSuite(SuiteRunnerWorker.java:52)
	at org.testng.SuiteRunnerWorker.run(SuiteRunnerWorker.java:95)
	at org.testng.TestNG.runSuitesSequentially(TestNG.java:1301)
	at org.testng.TestNG.runSuitesLocally(TestNG.java:1228)
	at org.testng.TestNG.runSuites(TestNG.java:1134)
	at org.testng.TestNG.run(TestNG.java:1101)
	at org.testng.remote.AbstractRemoteTestNG.run(AbstractRemoteTestNG.java:115)
	at org.testng.remote.RemoteTestNG.initAndRun(RemoteTestNG.java:251)
	at org.testng.remote.RemoteTestNG.main(RemoteTestNG.java:77)
</div></td></tr></table><p class="totop"><a href="#summary">back to summary</a></p>
<h3 id="m1">tests.AutomationTestCase#Place_Order_login_before_Checkout</h3><table class="result"><tr><th>Exception</th></tr><tr><td><div class="stacktrace">java.lang.AssertionError: null
	at org.testng.Assert.fail(Assert.java:111)
	at org.testng.Assert.fail(Assert.java:116)
	at pageElements.PlaceOrderPage.login_beforecheckout(PlaceOrderPage.java:326)
	at tests.AutomationTestCase.Place_Order_login_before_Checkout(AutomationTestCase.java:180)
	at java.base/jdk.internal.reflect.NativeMethodAccessorImpl.invoke0(Native Method)
	at java.base/jdk.internal.reflect.NativeMethodAccessorImpl.invoke(NativeMethodAccessorImpl.java:77)
	at java.base/jdk.internal.reflect.DelegatingMethodAccessorImpl.invoke(DelegatingMethodAccessorImpl.java:43)
	at java.base/java.lang.reflect.Method.invoke(Method.java:568)
	at org.testng.internal.invokers.MethodInvocationHelper.invokeMethod(MethodInvocationHelper.java:139)
	at org.testng.internal.invokers.TestInvoker.invokeMethod(TestInvoker.java:664)
	at org.testng.internal.invokers.TestInvoker.invokeTestMethod(TestInvoker.java:228)
	at org.testng.internal.invokers.MethodRunner.runInSequence(MethodRunner.java:63)
	at org.testng.internal.invokers.TestInvoker$MethodInvocationAgent.invoke(TestInvoker.java:961)
	at org.testng.internal.invokers.TestInvoker.invokeTestMethods(TestInvoker.java:201)
	at org.testng.internal.invokers.TestMethodWorker.invokeTestMethods(TestMethodWorker.java:148)
	at org.testng.internal.invokers.TestMethodWorker.run(TestMethodWorker.java:128)
	at java.base/java.util.ArrayList.forEach(ArrayList.java:1511)
	at org.testng.TestRunner.privateRun(TestRunner.java:819)
	at org.testng.TestRunner.run(TestRunner.java:619)
	at org.testng.SuiteRunner.runTest(SuiteRunner.java:443)
	at org.testng.SuiteRunner.runSequentially(SuiteRunner.java:437)
	at org.testng.SuiteRunner.privateRun(SuiteRunner.java:397)
	at org.testng.SuiteRunner.run(SuiteRunner.java:336)
	at org.testng.SuiteRunnerWorker.runSuite(SuiteRunnerWorker.java:52)
	at org.testng.SuiteRunnerWorker.run(SuiteRunnerWorker.java:95)
	at org.testng.TestNG.runSuitesSequentially(TestNG.java:1301)
	at org.testng.TestNG.runSuitesLocally(TestNG.java:1228)
	at org.testng.TestNG.runSuites(TestNG.java:1134)
	at org.testng.TestNG.run(TestNG.java:1101)
	at org.testng.remote.AbstractRemoteTestNG.run(AbstractRemoteTestNG.java:115)
	at org.testng.remote.RemoteTestNG.initAndRun(RemoteTestNG.java:251)
	at org.testng.remote.RemoteTestNG.main(RemoteTestNG.java:77)
</div></td></tr></table><p class="totop"><a href="#summary">back to summary</a></p>
<h3 id="m2">tests.AutomationTestCase#Place_Order_Register_while_Checkout</h3><table class="result"><tr><th class="invisible"/></tr></table><p class="totop"><a href="#summary">back to summary</a></p>
<h3 id="m3">tests.AutomationTestCase#add_products_incart</h3><table class="result"><tr><th class="invisible"/></tr></table><p class="totop"><a href="#summary">back to summary</a></p>
<h3 id="m4">tests.AutomationTestCase#add_review_in_product</h3><table class="result"><tr><th class="invisible"/></tr></table><p class="totop"><a href="#summary">back to summary</a></p>
<h3 id="m5">tests.AutomationTestCase#add_tocart_from_recommandeditems</h3><table class="result"><tr><th class="invisible"/></tr></table><p class="totop"><a href="#summary">back to summary</a></p>
<h3 id="m6">tests.AutomationTestCase#contactus_form</h3><table class="result"><tr><th class="invisible"/></tr></table><p class="totop"><a href="#summary">back to summary</a></p>
<h3 id="m7">tests.AutomationTestCase#download_invoice_after_purchase_order</h3><table class="result"><tr><th class="invisible"/></tr></table><p class="totop"><a href="#summary">back to summary</a></p>
<h3 id="m8">tests.AutomationTestCase#loginuser_with_correct_crendials</h3><table class="result"><tr><th class="invisible"/></tr></table><p class="totop"><a href="#summary">back to summary</a></p>
<h3 id="m9">tests.AutomationTestCase#loginuser_with_incorrect_crendials</h3><table class="result"><tr><th class="invisible"/></tr></table><p class="totop"><a href="#summary">back to summary</a></p>
<h3 id="m10">tests.AutomationTestCase#logout_user</h3><table class="result"><tr><th class="invisible"/></tr></table><p class="totop"><a href="#summary">back to summary</a></p>
<h3 id="m11">tests.AutomationTestCase#prod_search_verify_cart_afterlogin</h3><table class="result"><tr><th class="invisible"/></tr></table><p class="totop"><a href="#summary">back to summary</a></p>
<h3 id="m12">tests.AutomationTestCase#registeruser_with_existingmail</h3><table class="result"><tr><th class="invisible"/></tr></table><p class="totop"><a href="#summary">back to summary</a></p>
<h3 id="m13">tests.AutomationTestCase#remove_product_from_cart</h3><table class="result"><tr><th class="invisible"/></tr></table><p class="totop"><a href="#summary">back to summary</a></p>
<h3 id="m14">tests.AutomationTestCase#resgistrationpage_testcase</h3><table class="result"><tr><th class="invisible"/></tr></table><p class="totop"><a href="#summary">back to summary</a></p>
<h3 id="m15">tests.AutomationTestCase#scroll_up_and_down_using_arrowbutton</h3><table class="result"><tr><th class="invisible"/></tr></table><p class="totop"><a href="#summary">back to summary</a></p>
<h3 id="m16">tests.AutomationTestCase#scroll_up_and_down_withour_using_arrowbutton</h3><table class="result"><tr><th class="invisible"/></tr></table><p class="totop"><a href="#summary">back to summary</a></p>
<h3 id="m17">tests.AutomationTestCase#search_product</h3><table class="result"><tr><th class="invisible"/></tr></table><p class="totop"><a href="#summary">back to summary</a></p>
<h3 id="m18">tests.AutomationTestCase#verify_address_details_in_checkoutpage</h3><table class="result"><tr><th class="invisible"/></tr></table><p class="totop"><a href="#summary">back to summary</a></p>
<h3 id="m19">tests.AutomationTestCase#verify_allproducts_productdetailspage</h3><table class="result"><tr><th class="invisible"/></tr></table><p class="totop"><a href="#summary">back to summary</a></p>
<h3 id="m20">tests.AutomationTestCase#verify_product_quantity_in_cart</h3><table class="result"><tr><th class="invisible"/></tr></table><p class="totop"><a href="#summary">back to summary</a></p>
<h3 id="m21">tests.AutomationTestCase#verify_subscription_in_cartpage</h3><table class="result"><tr><th class="invisible"/></tr></table><p class="totop"><a href="#summary">back to summary</a></p>
<h3 id="m22">tests.AutomationTestCase#verify_subscription_in_homepage</h3><table class="result"><tr><th class="invisible"/></tr></table><p class="totop"><a href="#summary">back to summary</a></p>
<h3 id="m23">tests.AutomationTestCase#verify_testcases_page</h3><table class="result"><tr><th class="invisible"/></tr></table><p class="totop"><a href="#summary">back to summary</a></p>
<h3 id="m24">tests.AutomationTestCase#view_and_cart_brand_products</h3><table class="result"><tr><th class="invisible"/></tr></table><p class="totop"><a href="#summary">back to summary</a></p>
<h3 id="m25">tests.AutomationTestCase#view_category_products</h3><table class="result"><tr><th class="invisible"/></tr></table><p class="totop"><a href="#summary">back to summary</a></p>
</body>
</html>
