<?xml version="1.0" encoding="UTF-8"?>
<testng-results ignored="0" total="26" passed="24" failed="2" skipped="0">
  <reporter-output>
  </reporter-output>
  <suite started-at="2024-02-22T19:44:42 IST" name="Default suite" finished-at="2024-02-22T20:04:23 IST" duration-ms="1181268">
    <groups>
    </groups>
    <test started-at="2024-02-22T19:44:42 IST" name="Default test" finished-at="2024-02-22T20:04:23 IST" duration-ms="1181268">
      <class name="tests.AutomationTestCase">
        <test-method is-config="true" signature="setup()[pri:0, instance:tests.AutomationTestCase@304bb45b]" started-at="2024-02-22T19:44:42 IST" name="setup" finished-at="2024-02-22T19:45:07 IST" duration-ms="25240" status="PASS">
          <reporter-output>
          </reporter-output>
        </test-method> <!-- setup -->
        <test-method signature="resgistrationpage_testcase()[pri:1, instance:tests.AutomationTestCase@304bb45b]" started-at="2024-02-22T19:45:07 IST" name="resgistrationpage_testcase" finished-at="2024-02-22T19:45:40 IST" duration-ms="32995" status="PASS">
          <reporter-output>
          </reporter-output>
        </test-method> <!-- resgistrationpage_testcase -->
        <test-method signature="loginuser_with_correct_crendials()[pri:2, instance:tests.AutomationTestCase@304bb45b]" started-at="2024-02-22T19:45:40 IST" name="loginuser_with_correct_crendials" finished-at="2024-02-22T19:46:27 IST" duration-ms="46738" status="PASS">
          <reporter-output>
          </reporter-output>
        </test-method> <!-- loginuser_with_correct_crendials -->
        <test-method signature="loginuser_with_incorrect_crendials()[pri:3, instance:tests.AutomationTestCase@304bb45b]" started-at="2024-02-22T19:46:27 IST" name="loginuser_with_incorrect_crendials" finished-at="2024-02-22T19:46:29 IST" duration-ms="1488" status="PASS">
          <reporter-output>
          </reporter-output>
        </test-method> <!-- loginuser_with_incorrect_crendials -->
        <test-method signature="logout_user()[pri:4, instance:tests.AutomationTestCase@304bb45b]" started-at="2024-02-22T19:46:29 IST" name="logout_user" finished-at="2024-02-22T19:47:06 IST" duration-ms="36810" status="PASS">
          <reporter-output>
          </reporter-output>
        </test-method> <!-- logout_user -->
        <test-method signature="registeruser_with_existingmail()[pri:5, instance:tests.AutomationTestCase@304bb45b]" started-at="2024-02-22T19:47:06 IST" name="registeruser_with_existingmail" finished-at="2024-02-22T19:47:30 IST" duration-ms="24497" status="PASS">
          <reporter-output>
          </reporter-output>
        </test-method> <!-- registeruser_with_existingmail -->
        <test-method signature="contactus_form()[pri:6, instance:tests.AutomationTestCase@304bb45b]" started-at="2024-02-22T19:47:30 IST" name="contactus_form" finished-at="2024-02-22T19:48:00 IST" duration-ms="29970" status="PASS">
          <reporter-output>
          </reporter-output>
        </test-method> <!-- contactus_form -->
        <test-method signature="verify_testcases_page()[pri:7, instance:tests.AutomationTestCase@304bb45b]" started-at="2024-02-22T19:48:00 IST" name="verify_testcases_page" finished-at="2024-02-22T19:48:11 IST" duration-ms="11316" status="PASS">
          <reporter-output>
          </reporter-output>
        </test-method> <!-- verify_testcases_page -->
        <test-method signature="verify_allproducts_productdetailspage()[pri:8, instance:tests.AutomationTestCase@304bb45b]" started-at="2024-02-22T19:48:11 IST" name="verify_allproducts_productdetailspage" finished-at="2024-02-22T19:48:43 IST" duration-ms="31540" status="PASS">
          <reporter-output>
          </reporter-output>
        </test-method> <!-- verify_allproducts_productdetailspage -->
        <test-method signature="search_product()[pri:9, instance:tests.AutomationTestCase@304bb45b]" started-at="2024-02-22T19:48:43 IST" name="search_product" finished-at="2024-02-22T19:49:12 IST" duration-ms="29260" status="PASS">
          <reporter-output>
          </reporter-output>
        </test-method> <!-- search_product -->
        <test-method signature="verify_subscription_in_homepage()[pri:10, instance:tests.AutomationTestCase@304bb45b]" started-at="2024-02-22T19:49:12 IST" name="verify_subscription_in_homepage" finished-at="2024-02-22T19:49:26 IST" duration-ms="13701" status="PASS">
          <reporter-output>
          </reporter-output>
        </test-method> <!-- verify_subscription_in_homepage -->
        <test-method signature="verify_subscription_in_cartpage()[pri:11, instance:tests.AutomationTestCase@304bb45b]" started-at="2024-02-22T19:49:26 IST" name="verify_subscription_in_cartpage" finished-at="2024-02-22T19:49:42 IST" duration-ms="16291" status="PASS">
          <reporter-output>
          </reporter-output>
        </test-method> <!-- verify_subscription_in_cartpage -->
        <test-method signature="add_products_incart()[pri:12, instance:tests.AutomationTestCase@304bb45b]" started-at="2024-02-22T19:49:42 IST" name="add_products_incart" finished-at="2024-02-22T19:50:09 IST" duration-ms="27027" status="PASS">
          <reporter-output>
          </reporter-output>
        </test-method> <!-- add_products_incart -->
        <test-method signature="verify_product_quantity_in_cart()[pri:13, instance:tests.AutomationTestCase@304bb45b]" started-at="2024-02-22T19:50:09 IST" name="verify_product_quantity_in_cart" finished-at="2024-02-22T19:50:26 IST" duration-ms="16910" status="PASS">
          <reporter-output>
          </reporter-output>
        </test-method> <!-- verify_product_quantity_in_cart -->
        <test-method signature="Place_Order_Register_while_Checkout()[pri:14, instance:tests.AutomationTestCase@304bb45b]" started-at="2024-02-22T19:50:26 IST" name="Place_Order_Register_while_Checkout" finished-at="2024-02-22T19:51:19 IST" duration-ms="53232" status="PASS">
          <reporter-output>
          </reporter-output>
        </test-method> <!-- Place_Order_Register_while_Checkout -->
        <test-method signature="Place_Order_Register_before_Checkout()[pri:15, instance:tests.AutomationTestCase@304bb45b]" started-at="2024-02-22T19:51:19 IST" name="Place_Order_Register_before_Checkout" finished-at="2024-02-22T19:52:35 IST" duration-ms="76138" status="FAIL">
          <exception class="java.lang.AssertionError">
            <message>
              <![CDATA[null]]>
            </message>
            <full-stacktrace>
              <![CDATA[java.lang.AssertionError: null
at org.testng.Assert.fail(Assert.java:111)
at org.testng.Assert.fail(Assert.java:116)
at pageElements.PlaceOrderPage.register_beforecheckout(PlaceOrderPage.java:254)
at tests.AutomationTestCase.Place_Order_Register_before_Checkout(AutomationTestCase.java:173)
at java.base/jdk.internal.reflect.NativeMethodAccessorImpl.invoke0(Native Method)
at java.base/jdk.internal.reflect.NativeMethodAccessorImpl.invoke(NativeMethodAccessorImpl.java:77)
at java.base/jdk.internal.reflect.DelegatingMethodAccessorImpl.invoke(DelegatingMethodAccessorImpl.java:43)
at java.base/java.lang.reflect.Method.invoke(Method.java:568)
at org.testng.internal.invokers.MethodInvocationHelper.invokeMethod(MethodInvocationHelper.java:139)
at org.testng.internal.invokers.TestInvoker.invokeMethod(TestInvoker.java:664)
at org.testng.internal.invokers.TestInvoker.invokeTestMethod(TestInvoker.java:228)
at org.testng.internal.invokers.MethodRunner.runInSequence(MethodRunner.java:63)
at org.testng.internal.invokers.TestInvoker$MethodInvocationAgent.invoke(TestInvoker.java:961)
at org.testng.internal.invokers.TestInvoker.invokeTestMethods(TestInvoker.java:201)
at org.testng.internal.invokers.TestMethodWorker.invokeTestMethods(TestMethodWorker.java:148)
at org.testng.internal.invokers.TestMethodWorker.run(TestMethodWorker.java:128)
at java.base/java.util.ArrayList.forEach(ArrayList.java:1511)
at org.testng.TestRunner.privateRun(TestRunner.java:819)
at org.testng.TestRunner.run(TestRunner.java:619)
at org.testng.SuiteRunner.runTest(SuiteRunner.java:443)
at org.testng.SuiteRunner.runSequentially(SuiteRunner.java:437)
at org.testng.SuiteRunner.privateRun(SuiteRunner.java:397)
at org.testng.SuiteRunner.run(SuiteRunner.java:336)
at org.testng.SuiteRunnerWorker.runSuite(SuiteRunnerWorker.java:52)
at org.testng.SuiteRunnerWorker.run(SuiteRunnerWorker.java:95)
at org.testng.TestNG.runSuitesSequentially(TestNG.java:1301)
at org.testng.TestNG.runSuitesLocally(TestNG.java:1228)
at org.testng.TestNG.runSuites(TestNG.java:1134)
at org.testng.TestNG.run(TestNG.java:1101)
at org.testng.remote.AbstractRemoteTestNG.run(AbstractRemoteTestNG.java:115)
at org.testng.remote.RemoteTestNG.initAndRun(RemoteTestNG.java:251)
at org.testng.remote.RemoteTestNG.main(RemoteTestNG.java:77)
]]>
            </full-stacktrace>
          </exception> <!-- java.lang.AssertionError -->
          <reporter-output>
          </reporter-output>
        </test-method> <!-- Place_Order_Register_before_Checkout -->
        <test-method signature="Place_Order_login_before_Checkout()[pri:16, instance:tests.AutomationTestCase@304bb45b]" started-at="2024-02-22T19:52:35 IST" name="Place_Order_login_before_Checkout" finished-at="2024-02-22T19:55:57 IST" duration-ms="201104" status="FAIL">
          <exception class="java.lang.AssertionError">
            <message>
              <![CDATA[null]]>
            </message>
            <full-stacktrace>
              <![CDATA[java.lang.AssertionError: null
at org.testng.Assert.fail(Assert.java:111)
at org.testng.Assert.fail(Assert.java:116)
at pageElements.PlaceOrderPage.login_beforecheckout(PlaceOrderPage.java:326)
at tests.AutomationTestCase.Place_Order_login_before_Checkout(AutomationTestCase.java:180)
at java.base/jdk.internal.reflect.NativeMethodAccessorImpl.invoke0(Native Method)
at java.base/jdk.internal.reflect.NativeMethodAccessorImpl.invoke(NativeMethodAccessorImpl.java:77)
at java.base/jdk.internal.reflect.DelegatingMethodAccessorImpl.invoke(DelegatingMethodAccessorImpl.java:43)
at java.base/java.lang.reflect.Method.invoke(Method.java:568)
at org.testng.internal.invokers.MethodInvocationHelper.invokeMethod(MethodInvocationHelper.java:139)
at org.testng.internal.invokers.TestInvoker.invokeMethod(TestInvoker.java:664)
at org.testng.internal.invokers.TestInvoker.invokeTestMethod(TestInvoker.java:228)
at org.testng.internal.invokers.MethodRunner.runInSequence(MethodRunner.java:63)
at org.testng.internal.invokers.TestInvoker$MethodInvocationAgent.invoke(TestInvoker.java:961)
at org.testng.internal.invokers.TestInvoker.invokeTestMethods(TestInvoker.java:201)
at org.testng.internal.invokers.TestMethodWorker.invokeTestMethods(TestMethodWorker.java:148)
at org.testng.internal.invokers.TestMethodWorker.run(TestMethodWorker.java:128)
at java.base/java.util.ArrayList.forEach(ArrayList.java:1511)
at org.testng.TestRunner.privateRun(TestRunner.java:819)
at org.testng.TestRunner.run(TestRunner.java:619)
at org.testng.SuiteRunner.runTest(SuiteRunner.java:443)
at org.testng.SuiteRunner.runSequentially(SuiteRunner.java:437)
at org.testng.SuiteRunner.privateRun(SuiteRunner.java:397)
at org.testng.SuiteRunner.run(SuiteRunner.java:336)
at org.testng.SuiteRunnerWorker.runSuite(SuiteRunnerWorker.java:52)
at org.testng.SuiteRunnerWorker.run(SuiteRunnerWorker.java:95)
at org.testng.TestNG.runSuitesSequentially(TestNG.java:1301)
at org.testng.TestNG.runSuitesLocally(TestNG.java:1228)
at org.testng.TestNG.runSuites(TestNG.java:1134)
at org.testng.TestNG.run(TestNG.java:1101)
at org.testng.remote.AbstractRemoteTestNG.run(AbstractRemoteTestNG.java:115)
at org.testng.remote.RemoteTestNG.initAndRun(RemoteTestNG.java:251)
at org.testng.remote.RemoteTestNG.main(RemoteTestNG.java:77)
]]>
            </full-stacktrace>
          </exception> <!-- java.lang.AssertionError -->
          <reporter-output>
          </reporter-output>
        </test-method> <!-- Place_Order_login_before_Checkout -->
        <test-method signature="remove_product_from_cart()[pri:17, instance:tests.AutomationTestCase@304bb45b]" started-at="2024-02-22T19:55:57 IST" name="remove_product_from_cart" finished-at="2024-02-22T19:56:16 IST" duration-ms="19634" status="PASS">
          <reporter-output>
          </reporter-output>
        </test-method> <!-- remove_product_from_cart -->
        <test-method signature="view_category_products()[pri:18, instance:tests.AutomationTestCase@304bb45b]" started-at="2024-02-22T19:56:16 IST" name="view_category_products" finished-at="2024-02-22T19:56:40 IST" duration-ms="23455" status="PASS">
          <reporter-output>
          </reporter-output>
        </test-method> <!-- view_category_products -->
        <test-method signature="view_and_cart_brand_products()[pri:19, instance:tests.AutomationTestCase@304bb45b]" started-at="2024-02-22T19:56:40 IST" name="view_and_cart_brand_products" finished-at="2024-02-22T19:57:20 IST" duration-ms="39964" status="PASS">
          <reporter-output>
          </reporter-output>
        </test-method> <!-- view_and_cart_brand_products -->
        <test-method signature="prod_search_verify_cart_afterlogin()[pri:20, instance:tests.AutomationTestCase@304bb45b]" started-at="2024-02-22T19:57:20 IST" name="prod_search_verify_cart_afterlogin" finished-at="2024-02-22T20:00:27 IST" duration-ms="187735" status="PASS">
          <reporter-output>
          </reporter-output>
        </test-method> <!-- prod_search_verify_cart_afterlogin -->
        <test-method signature="add_review_in_product()[pri:21, instance:tests.AutomationTestCase@304bb45b]" started-at="2024-02-22T20:00:27 IST" name="add_review_in_product" finished-at="2024-02-22T20:00:54 IST" duration-ms="26512" status="PASS">
          <reporter-output>
          </reporter-output>
        </test-method> <!-- add_review_in_product -->
        <test-method signature="add_tocart_from_recommandeditems()[pri:22, instance:tests.AutomationTestCase@304bb45b]" started-at="2024-02-22T20:00:54 IST" name="add_tocart_from_recommandeditems" finished-at="2024-02-22T20:01:07 IST" duration-ms="13269" status="PASS">
          <reporter-output>
          </reporter-output>
        </test-method> <!-- add_tocart_from_recommandeditems -->
        <test-method signature="verify_address_details_in_checkoutpage()[pri:23, instance:tests.AutomationTestCase@304bb45b]" started-at="2024-02-22T20:01:07 IST" name="verify_address_details_in_checkoutpage" finished-at="2024-02-22T20:01:57 IST" duration-ms="49764" status="PASS">
          <reporter-output>
          </reporter-output>
        </test-method> <!-- verify_address_details_in_checkoutpage -->
        <test-method signature="download_invoice_after_purchase_order()[pri:24, instance:tests.AutomationTestCase@304bb45b]" started-at="2024-02-22T20:01:57 IST" name="download_invoice_after_purchase_order" finished-at="2024-02-22T20:03:57 IST" duration-ms="120533" status="PASS">
          <reporter-output>
          </reporter-output>
        </test-method> <!-- download_invoice_after_purchase_order -->
        <test-method signature="scroll_up_and_down_using_arrowbutton()[pri:25, instance:tests.AutomationTestCase@304bb45b]" started-at="2024-02-22T20:03:57 IST" name="scroll_up_and_down_using_arrowbutton" finished-at="2024-02-22T20:04:08 IST" duration-ms="10250" status="PASS">
          <reporter-output>
          </reporter-output>
        </test-method> <!-- scroll_up_and_down_using_arrowbutton -->
        <test-method signature="scroll_up_and_down_withour_using_arrowbutton()[pri:26, instance:tests.AutomationTestCase@304bb45b]" started-at="2024-02-22T20:04:08 IST" name="scroll_up_and_down_withour_using_arrowbutton" finished-at="2024-02-22T20:04:23 IST" duration-ms="15809" status="PASS">
          <reporter-output>
          </reporter-output>
        </test-method> <!-- scroll_up_and_down_withour_using_arrowbutton -->
        <test-method is-config="true" signature="closeBrowser()[pri:0, instance:tests.AutomationTestCase@304bb45b]" started-at="2024-02-22T20:04:24 IST" name="closeBrowser" finished-at="2024-02-22T20:04:24 IST" duration-ms="565" status="PASS">
          <reporter-output>
          </reporter-output>
        </test-method> <!-- closeBrowser -->
      </class> <!-- tests.AutomationTestCase -->
    </test> <!-- Default test -->
  </suite> <!-- Default suite -->
</testng-results>
